warning: Git tree '/home/techleaf/nixos' is dirty
building the system configuration...
warning: Git tree '/home/techleaf/nixos' is dirty
error:
       … while calling the 'head' builtin
         at /nix/store/n8gf8yr0571s1ld4nr6dmk143iv3rvmh-source/lib/attrsets.nix:1534:13:
         1533|           if length values == 1 || pred here (elemAt values 1) (head values) then
         1534|             head values
             |             ^
         1535|           else

       … while evaluating the attribute 'value'
         at /nix/store/n8gf8yr0571s1ld4nr6dmk143iv3rvmh-source/lib/modules.nix:1086:7:
         1085|     // {
         1086|       value = addErrorContext "while evaluating the option `${showOption loc}':" value;
             |       ^
         1087|       inherit (res.defsFinal') highestPrio;

       … while evaluating the option `system.build.toplevel':

       … while evaluating definitions from `/nix/store/n8gf8yr0571s1ld4nr6dmk143iv3rvmh-source/nixos/modules/system/activation/top-level.nix':

       … while evaluating the option `assertions':

       … while evaluating definitions from `/nix/store/b2cgfhyh4mwpznqn81hfh21g63xnc7x7-source/nixos/common.nix':

       … while evaluating the module argument `config' in "/nix/store/wmlnmy67v31cz7v6pk4c70dxpaf1s2pp-source/modules/home-manager/hyprland/leaf-desktop.nix":

       (stack trace truncated; use '--show-trace' to show the full, detailed trace)

       error: infinite recursion encountered
       at /nix/store/n8gf8yr0571s1ld4nr6dmk143iv3rvmh-source/lib/modules.nix:257:21:
          256|                     options
          257|                     config
             |                     ^
          258|                     specialArgs
Command 'nix --extra-experimental-features 'nix-command flakes' build --print-out-paths '/home/techleaf/nixos#nixosConfigurations."leaf-desktop".config.system.build.toplevel' --no-link' returned non-zero exit status 1.
