warning: Git tree '/home/techleaf/nixos' is dirty
building the system configuration...
warning: Git tree '/home/techleaf/nixos' is dirty
these 18 derivations will be built:
  /nix/store/xbqqx27f6nkyzlavpva0fqwpridr44jx-rebuild.drv
  /nix/store/qg648qhg5mfmx7h07v2064p41jdzg4n7-system-path.drv
  /nix/store/hyclw92s0z9b5bskxy706n64kzd1psja-dbus-1.drv
  /nix/store/158rywmi679ira5wmsjp7ahvzm7j3rnn-X-Restart-Triggers-dbus-broker.drv
  /nix/store/m9c1fyrd68rw0f7jq1342asccfpsc2jc-unit-accounts-daemon.service.drv
  /nix/store/p886rgfs6d7hhv9brddxwi198gkkkwhy-unit-dbus-broker.service.drv
  /nix/store/lr5w8x5xwdh7h900if98gwf7kd310vk3-X-Restart-Triggers-polkit.drv
  /nix/store/si73rhlv50nkg6yhkr19g8rc19srfjxh-unit-polkit.service.drv
  /nix/store/1i9s0m7xdbw2xspb3i6hzddzalgwalp7-system-units.drv
  /nix/store/6ha0x28ipvfmy2npk0p2cmpzhlp08fhp-rebuild_fish-completions.drv
  /nix/store/1wcnpb7y4vbz1dn5nmxm1r1y4ai2ig5m-system_fish-completions.drv
  /nix/store/lfvdb32igp7m4rf0k00njd5r3vk5qlp5-unit-dbus-broker.service.drv
  /nix/store/302md42f6pvv868knw37lpsmgqzsh0pf-user-units.drv
  /nix/store/h0r9zwcc6lqmapglphry36x0lvmd86rd-man-paths.drv
  /nix/store/knfxa9swcai6252kww4vj9f3axi4g2vc-man-cache.drv
  /nix/store/5xmpa5hlvij2aklkp1m1i76q2h0s65ga-etc-man_db.conf.drv
  /nix/store/hnpzvjprx676n9c9h5j2c7khfzm8syx6-etc.drv
  /nix/store/v7qzqmxx7vnhqnzsphjlwsn4qay9gbsj-nixos-system-leaf-desktop-25.11.20250714.62e0f05.drv
building '/nix/store/xbqqx27f6nkyzlavpva0fqwpridr44jx-rebuild.drv'...
building '/nix/store/h0r9zwcc6lqmapglphry36x0lvmd86rd-man-paths.drv'...
building '/nix/store/6ha0x28ipvfmy2npk0p2cmpzhlp08fhp-rebuild_fish-completions.drv'...
building '/nix/store/qg648qhg5mfmx7h07v2064p41jdzg4n7-system-path.drv'...
building '/nix/store/1wcnpb7y4vbz1dn5nmxm1r1y4ai2ig5m-system_fish-completions.drv'...
building '/nix/store/knfxa9swcai6252kww4vj9f3axi4g2vc-man-cache.drv'...
building '/nix/store/lr5w8x5xwdh7h900if98gwf7kd310vk3-X-Restart-Triggers-polkit.drv'...
building '/nix/store/hyclw92s0z9b5bskxy706n64kzd1psja-dbus-1.drv'...
building '/nix/store/m9c1fyrd68rw0f7jq1342asccfpsc2jc-unit-accounts-daemon.service.drv'...
building '/nix/store/158rywmi679ira5wmsjp7ahvzm7j3rnn-X-Restart-Triggers-dbus-broker.drv'...
building '/nix/store/si73rhlv50nkg6yhkr19g8rc19srfjxh-unit-polkit.service.drv'...
building '/nix/store/lfvdb32igp7m4rf0k00njd5r3vk5qlp5-unit-dbus-broker.service.drv'...
building '/nix/store/p886rgfs6d7hhv9brddxwi198gkkkwhy-unit-dbus-broker.service.drv'...
building '/nix/store/302md42f6pvv868knw37lpsmgqzsh0pf-user-units.drv'...
building '/nix/store/1i9s0m7xdbw2xspb3i6hzddzalgwalp7-system-units.drv'...
building '/nix/store/5xmpa5hlvij2aklkp1m1i76q2h0s65ga-etc-man_db.conf.drv'...
building '/nix/store/hnpzvjprx676n9c9h5j2c7khfzm8syx6-etc.drv'...
building '/nix/store/v7qzqmxx7vnhqnzsphjlwsn4qay9gbsj-nixos-system-leaf-desktop-25.11.20250714.62e0f05.drv'...
stopping the following units: accounts-daemon.service
activating the configuration...
setting up /etc...
reloading user units for techleaf...
restarting sysinit-reactivation.target
reloading the following units: dbus-broker.service
restarting the following units: polkit.service
starting the following units: accounts-daemon.service
the following new units were started: NetworkManager-dispatcher.service
Done. The new configuration is /nix/store/112fa8xbzky8ihd783r99h3zfphkzwjl-nixos-system-leaf-desktop-25.11.20250714.62e0f05
